c:\users\ivara_000\documents\visual studio 2015\projects\blackjack\blackjack\debug\vc140.pdb
c:\users\ivara_000\documents\visual studio 2015\projects\blackjack\blackjack\debug\vc140.idb
c:\users\ivara_000\documents\visual studio 2015\projects\blackjack\blackjack\debug\bjcard.obj
c:\users\ivara_000\documents\visual studio 2015\projects\blackjack\blackjack\debug\bjclient.obj
c:\users\ivara_000\documents\visual studio 2015\projects\blackjack\blackjack\debug\bjgame.obj
c:\users\ivara_000\documents\visual studio 2015\projects\blackjack\blackjack\debug\bjlog.obj
c:\users\ivara_000\documents\visual studio 2015\projects\blackjack\blackjack\debug\bjmessage.obj
c:\users\ivara_000\documents\visual studio 2015\projects\blackjack\blackjack\debug\bjpack.obj
c:\users\ivara_000\documents\visual studio 2015\projects\blackjack\blackjack\debug\bjserver.obj
c:\users\ivara_000\documents\visual studio 2015\projects\blackjack\blackjack\debug\bjsocket.obj
c:\users\ivara_000\documents\visual studio 2015\projects\blackjack\blackjack\debug\blackjack.obj
c:\users\ivara_000\documents\visual studio 2015\projects\blackjack\blackjack\debug\playerinfo.obj
c:\users\ivara_000\documents\visual studio 2015\projects\blackjack\blackjack\debug\threadsafe_queue.obj
c:\users\ivara_000\documents\visual studio 2015\projects\blackjack\blackjack\debug\bjplayer.obj
c:\users\ivara_000\documents\visual studio 2015\projects\blackjack\blackjack\debug\join_threads.obj
c:\users\ivara_000\documents\visual studio 2015\projects\blackjack\blackjack\debug\thread_pool.obj
c:\users\ivara_000\documents\visual studio 2015\projects\blackjack\debug\blackjack.ilk
c:\users\ivara_000\documents\visual studio 2015\projects\blackjack\debug\blackjack.exe
c:\users\ivara_000\documents\visual studio 2015\projects\blackjack\debug\blackjack.pdb
c:\users\ivara_000\documents\visual studio 2015\projects\blackjack\blackjack\debug\blackjack.tlog\cl.command.1.tlog
c:\users\ivara_000\documents\visual studio 2015\projects\blackjack\blackjack\debug\blackjack.tlog\cl.read.1.tlog
c:\users\ivara_000\documents\visual studio 2015\projects\blackjack\blackjack\debug\blackjack.tlog\cl.write.1.tlog
c:\users\ivara_000\documents\visual studio 2015\projects\blackjack\blackjack\debug\blackjack.tlog\link.command.1.tlog
c:\users\ivara_000\documents\visual studio 2015\projects\blackjack\blackjack\debug\blackjack.tlog\link.read.1.tlog
c:\users\ivara_000\documents\visual studio 2015\projects\blackjack\blackjack\debug\blackjack.tlog\link.write.1.tlog
